<?xml version="1.0" encoding="UTF-8"?>
<coverage generated="1743151865805" clover="3.2.0">
  <project timestamp="1743151865805" name="All files">
    <metrics statements="250" coveredstatements="200" conditionals="49" coveredconditionals="32" methods="30" coveredmethods="22" elements="329" coveredelements="254" complexity="0" loc="250" ncloc="250" packages="10" files="15" classes="15"/>
    <package name="src">
      <metrics statements="24" coveredstatements="24" conditionals="4" coveredconditionals="4" methods="3" coveredmethods="3"/>
      <file name="app.ts" path="/Users/rex/Projects/substack-assessment/src/app.ts">
        <metrics statements="24" coveredstatements="24" conditionals="4" coveredconditionals="4" methods="3" coveredmethods="3"/>
        <line num="1" count="2" type="stmt"/>
        <line num="2" count="2" type="stmt"/>
        <line num="3" count="2" type="stmt"/>
        <line num="4" count="2" type="stmt"/>
        <line num="5" count="2" type="stmt"/>
        <line num="6" count="2" type="stmt"/>
        <line num="7" count="2" type="stmt"/>
        <line num="8" count="2" type="stmt"/>
        <line num="9" count="2" type="stmt"/>
        <line num="11" count="2" type="stmt"/>
        <line num="14" count="2" type="stmt"/>
        <line num="15" count="2" type="stmt"/>
        <line num="16" count="2" type="stmt"/>
        <line num="19" count="2" type="stmt"/>
        <line num="22" count="2" type="stmt"/>
        <line num="26" count="24" type="stmt"/>
        <line num="27" count="24" type="stmt"/>
        <line num="30" count="2" type="stmt"/>
        <line num="33" count="2" type="stmt"/>
        <line num="35" count="100" type="stmt"/>
        <line num="40" count="2" type="stmt"/>
        <line num="43" count="2" type="stmt"/>
        <line num="44" count="28" type="stmt"/>
        <line num="47" count="2" type="stmt"/>
      </file>
    </package>
    <package name="src.config">
      <metrics statements="12" coveredstatements="0" conditionals="0" coveredconditionals="0" methods="1" coveredmethods="0"/>
      <file name="database.ts" path="/Users/rex/Projects/substack-assessment/src/config/database.ts">
        <metrics statements="12" coveredstatements="0" conditionals="0" coveredconditionals="0" methods="1" coveredmethods="0"/>
        <line num="1" count="0" type="stmt"/>
        <line num="2" count="0" type="stmt"/>
        <line num="3" count="0" type="stmt"/>
        <line num="4" count="0" type="stmt"/>
        <line num="6" count="0" type="stmt"/>
        <line num="7" count="0" type="stmt"/>
        <line num="8" count="0" type="stmt"/>
        <line num="9" count="0" type="stmt"/>
        <line num="12" count="0" type="stmt"/>
        <line num="27" count="0" type="stmt"/>
        <line num="29" count="0" type="stmt"/>
        <line num="30" count="0" type="stmt"/>
      </file>
    </package>
    <package name="src.controllers">
      <metrics statements="54" coveredstatements="42" conditionals="9" coveredconditionals="6" methods="9" coveredmethods="8"/>
      <file name="health.controller.ts" path="/Users/rex/Projects/substack-assessment/src/controllers/health.controller.ts">
        <metrics statements="4" coveredstatements="4" conditionals="2" coveredconditionals="2" methods="1" coveredmethods="1"/>
        <line num="2" count="2" type="stmt"/>
        <line num="4" count="2" type="stmt"/>
        <line num="6" count="154" type="stmt"/>
        <line num="15" count="154" type="stmt"/>
      </file>
      <file name="product.controller.ts" path="/Users/rex/Projects/substack-assessment/src/controllers/product.controller.ts">
        <metrics statements="50" coveredstatements="38" conditionals="7" coveredconditionals="4" methods="8" coveredmethods="7"/>
        <line num="2" count="2" type="stmt"/>
        <line num="3" count="2" type="stmt"/>
        <line num="4" count="2" type="stmt"/>
        <line num="6" count="2" type="stmt"/>
        <line num="8" count="2" type="stmt"/>
        <line num="12" count="2" type="stmt"/>
        <line num="16" count="95" type="stmt"/>
        <line num="17" count="95" type="stmt"/>
        <line num="20" count="2" type="stmt"/>
        <line num="21" count="12" type="stmt"/>
        <line num="22" count="12" type="stmt"/>
        <line num="23" count="12" type="cond" truecount="0" falsecount="1"/>
        <line num="24" count="0" type="stmt"/>
        <line num="27" count="12" type="stmt"/>
        <line num="28" count="12" type="stmt"/>
        <line num="29" count="12" type="stmt"/>
        <line num="31" count="0" type="stmt"/>
        <line num="35" count="2" type="stmt"/>
        <line num="36" count="2" type="stmt"/>
        <line num="37" count="2" type="stmt"/>
        <line num="38" count="2" type="stmt"/>
        <line num="39" count="2" type="cond" truecount="0" falsecount="1"/>
        <line num="40" count="0" type="stmt"/>
        <line num="43" count="2" type="stmt"/>
        <line num="44" count="2" type="stmt"/>
        <line num="45" count="2" type="stmt"/>
        <line num="47" count="0" type="stmt"/>
        <line num="51" count="2" type="stmt"/>
        <line num="52" count="1" type="stmt"/>
        <line num="53" count="1" type="stmt"/>
        <line num="54" count="1" type="stmt"/>
        <line num="55" count="1" type="cond" truecount="0" falsecount="1"/>
        <line num="56" count="0" type="stmt"/>
        <line num="59" count="1" type="stmt"/>
        <line num="60" count="1" type="stmt"/>
        <line num="62" count="0" type="stmt"/>
        <line num="66" count="2" type="stmt"/>
        <line num="67" count="0" type="stmt"/>
        <line num="68" count="0" type="stmt"/>
        <line num="69" count="0" type="stmt"/>
        <line num="70" count="0" type="stmt"/>
        <line num="72" count="0" type="stmt"/>
        <line num="76" count="2" type="stmt"/>
        <line num="77" count="81" type="stmt"/>
        <line num="78" count="81" type="cond" truecount="2" falsecount="0"/>
        <line num="79" count="81" type="cond" truecount="2" falsecount="0"/>
        <line num="81" count="81" type="stmt"/>
        <line num="82" count="81" type="stmt"/>
        <line num="83" count="81" type="stmt"/>
        <line num="87" count="0" type="stmt"/>
      </file>
    </package>
    <package name="src.dtos">
      <metrics statements="35" coveredstatements="22" conditionals="0" coveredconditionals="0" methods="4" coveredmethods="0"/>
      <file name="env.dto.ts" path="/Users/rex/Projects/substack-assessment/src/dtos/env.dto.ts">
        <metrics statements="13" coveredstatements="0" conditionals="0" coveredconditionals="0" methods="4" coveredmethods="0"/>
        <line num="1" count="0" type="stmt"/>
        <line num="2" count="0" type="stmt"/>
        <line num="4" count="0" type="stmt"/>
        <line num="7" count="0" type="stmt"/>
        <line num="11" count="0" type="stmt"/>
        <line num="14" count="0" type="stmt"/>
        <line num="18" count="0" type="stmt"/>
        <line num="21" count="0" type="stmt"/>
        <line num="24" count="0" type="stmt"/>
        <line num="27" count="0" type="stmt"/>
        <line num="30" count="0" type="stmt"/>
        <line num="33" count="0" type="stmt"/>
        <line num="36" count="0" type="stmt"/>
      </file>
      <file name="product.dto.ts" path="/Users/rex/Projects/substack-assessment/src/dtos/product.dto.ts">
        <metrics statements="22" coveredstatements="22" conditionals="0" coveredconditionals="0" methods="0" coveredmethods="0"/>
        <line num="1" count="2" type="stmt"/>
        <line num="2" count="2" type="stmt"/>
        <line num="5" count="2" type="stmt"/>
        <line num="10" count="2" type="stmt"/>
        <line num="16" count="2" type="stmt"/>
        <line num="22" count="2" type="stmt"/>
        <line num="28" count="2" type="stmt"/>
        <line num="34" count="2" type="stmt"/>
        <line num="38" count="2" type="stmt"/>
        <line num="42" count="2" type="stmt"/>
        <line num="47" count="2" type="stmt"/>
        <line num="52" count="2" type="stmt"/>
        <line num="57" count="2" type="stmt"/>
        <line num="61" count="2" type="stmt"/>
        <line num="63" count="2" type="stmt"/>
        <line num="66" count="2" type="stmt"/>
        <line num="69" count="2" type="stmt"/>
        <line num="72" count="2" type="stmt"/>
        <line num="75" count="2" type="stmt"/>
        <line num="78" count="2" type="stmt"/>
        <line num="81" count="2" type="stmt"/>
        <line num="84" count="2" type="stmt"/>
      </file>
    </package>
    <package name="src.interfaces">
      <metrics statements="5" coveredstatements="5" conditionals="2" coveredconditionals="2" methods="1" coveredmethods="1"/>
      <file name="role.interface.ts" path="/Users/rex/Projects/substack-assessment/src/interfaces/role.interface.ts">
        <metrics statements="5" coveredstatements="5" conditionals="2" coveredconditionals="2" methods="1" coveredmethods="1"/>
        <line num="1" count="2" type="cond" truecount="2" falsecount="0"/>
        <line num="2" count="2" type="stmt"/>
        <line num="3" count="2" type="stmt"/>
        <line num="4" count="2" type="stmt"/>
        <line num="12" count="2" type="stmt"/>
      </file>
    </package>
    <package name="src.middleware">
      <metrics statements="41" coveredstatements="34" conditionals="21" coveredconditionals="13" methods="5" coveredmethods="4"/>
      <file name="auth.middleware.ts" path="/Users/rex/Projects/substack-assessment/src/middleware/auth.middleware.ts">
        <metrics statements="24" coveredstatements="21" conditionals="12" coveredconditionals="9" methods="2" coveredmethods="2"/>
        <line num="2" count="2" type="stmt"/>
        <line num="4" count="2" type="stmt"/>
        <line num="19" count="2" type="stmt"/>
        <line num="20" count="8" type="stmt"/>
        <line num="21" count="100" type="stmt"/>
        <line num="22" count="100" type="stmt"/>
        <line num="23" count="100" type="cond" truecount="3" falsecount="0"/>
        <line num="24" count="1" type="stmt"/>
        <line num="27" count="99" type="stmt"/>
        <line num="28" count="99" type="cond" truecount="0" falsecount="1"/>
        <line num="29" count="0" type="stmt"/>
        <line num="32" count="99" type="stmt"/>
        <line num="33" count="99" type="cond" truecount="0" falsecount="1"/>
        <line num="34" count="0" type="stmt"/>
        <line num="37" count="99" type="stmt"/>
        <line num="38" count="98" type="cond" truecount="3" falsecount="1"/>
        <line num="39" count="0" type="stmt"/>
        <line num="42" count="98" type="cond" truecount="1" falsecount="0"/>
        <line num="43" count="2" type="stmt"/>
        <line num="46" count="96" type="stmt"/>
        <line num="47" count="96" type="stmt"/>
        <line num="49" count="4" type="cond" truecount="2" falsecount="0"/>
        <line num="50" count="1" type="stmt"/>
        <line num="52" count="3" type="stmt"/>
      </file>
      <file name="error.middleware.ts" path="/Users/rex/Projects/substack-assessment/src/middleware/error.middleware.ts">
        <metrics statements="17" coveredstatements="13" conditionals="9" coveredconditionals="4" methods="3" coveredmethods="2"/>
        <line num="2" count="3" type="stmt"/>
        <line num="3" count="3" type="stmt"/>
        <line num="5" count="3" type="stmt"/>
        <line num="6" count="31" type="stmt"/>
        <line num="7" count="31" type="stmt"/>
        <line num="8" count="31" type="stmt"/>
        <line num="12" count="3" type="stmt"/>
        <line num="18" count="28" type="cond" truecount="1" falsecount="1"/>
        <line num="19" count="28" type="cond" truecount="1" falsecount="1"/>
        <line num="21" count="28" type="cond" truecount="1" falsecount="1"/>
        <line num="22" count="28" type="stmt"/>
        <line num="24" count="0" type="stmt"/>
        <line num="27" count="28" type="cond" truecount="1" falsecount="2"/>
        <line num="28" count="0" type="stmt"/>
        <line num="31" count="0" type="stmt"/>
        <line num="36" count="0" type="stmt"/>
        <line num="39" count="28" type="stmt"/>
      </file>
    </package>
    <package name="src.models">
      <metrics statements="8" coveredstatements="8" conditionals="0" coveredconditionals="0" methods="0" coveredmethods="0"/>
      <file name="audit-log.model.ts" path="/Users/rex/Projects/substack-assessment/src/models/audit-log.model.ts">
        <metrics statements="4" coveredstatements="4" conditionals="0" coveredconditionals="0" methods="0" coveredmethods="0"/>
        <line num="1" count="3" type="stmt"/>
        <line num="12" count="3" type="stmt"/>
        <line num="45" count="3" type="stmt"/>
        <line num="47" count="3" type="stmt"/>
      </file>
      <file name="product.model.ts" path="/Users/rex/Projects/substack-assessment/src/models/product.model.ts">
        <metrics statements="4" coveredstatements="4" conditionals="0" coveredconditionals="0" methods="0" coveredmethods="0"/>
        <line num="1" count="3" type="stmt"/>
        <line num="13" count="3" type="stmt"/>
        <line num="45" count="3" type="stmt"/>
        <line num="47" count="3" type="stmt"/>
      </file>
    </package>
    <package name="src.routes">
      <metrics statements="17" coveredstatements="17" conditionals="0" coveredconditionals="0" methods="0" coveredmethods="0"/>
      <file name="health.routes.ts" path="/Users/rex/Projects/substack-assessment/src/routes/health.routes.ts">
        <metrics statements="6" coveredstatements="6" conditionals="0" coveredconditionals="0" methods="0" coveredmethods="0"/>
        <line num="1" count="2" type="stmt"/>
        <line num="2" count="2" type="stmt"/>
        <line num="4" count="2" type="stmt"/>
        <line num="5" count="2" type="stmt"/>
        <line num="7" count="2" type="stmt"/>
        <line num="9" count="2" type="stmt"/>
      </file>
      <file name="product.routes.ts" path="/Users/rex/Projects/substack-assessment/src/routes/product.routes.ts">
        <metrics statements="11" coveredstatements="11" conditionals="0" coveredconditionals="0" methods="0" coveredmethods="0"/>
        <line num="1" count="2" type="stmt"/>
        <line num="2" count="2" type="stmt"/>
        <line num="3" count="2" type="stmt"/>
        <line num="4" count="2" type="stmt"/>
        <line num="6" count="2" type="stmt"/>
        <line num="7" count="2" type="stmt"/>
        <line num="11" count="2" type="stmt"/>
        <line num="12" count="2" type="stmt"/>
        <line num="13" count="2" type="stmt"/>
        <line num="14" count="2" type="stmt"/>
        <line num="16" count="2" type="stmt"/>
      </file>
    </package>
    <package name="src.services">
      <metrics statements="48" coveredstatements="44" conditionals="8" coveredconditionals="5" methods="6" coveredmethods="5"/>
      <file name="product.service.ts" path="/Users/rex/Projects/substack-assessment/src/services/product.service.ts">
        <metrics statements="48" coveredstatements="44" conditionals="8" coveredconditionals="5" methods="6" coveredmethods="5"/>
        <line num="1" count="3" type="stmt"/>
        <line num="2" count="3" type="stmt"/>
        <line num="4" count="3" type="stmt"/>
        <line num="6" count="3" type="stmt"/>
        <line num="8" count="3" type="stmt"/>
        <line num="10" count="25" type="stmt"/>
        <line num="11" count="25" type="stmt"/>
        <line num="12" count="25" type="cond" truecount="1" falsecount="0"/>
        <line num="13" count="1" type="stmt"/>
        <line num="16" count="24" type="stmt"/>
        <line num="17" count="24" type="stmt"/>
        <line num="20" count="24" type="stmt"/>
        <line num="28" count="24" type="stmt"/>
        <line num="29" count="24" type="stmt"/>
        <line num="31" count="1" type="stmt"/>
        <line num="32" count="1" type="stmt"/>
        <line num="37" count="4" type="stmt"/>
        <line num="38" count="4" type="stmt"/>
        <line num="39" count="4" type="cond" truecount="1" falsecount="0"/>
        <line num="40" count="1" type="stmt"/>
        <line num="43" count="3" type="stmt"/>
        <line num="44" count="3" type="stmt"/>
        <line num="45" count="3" type="stmt"/>
        <line num="48" count="3" type="stmt"/>
        <line num="59" count="3" type="stmt"/>
        <line num="60" count="3" type="stmt"/>
        <line num="62" count="1" type="stmt"/>
        <line num="63" count="1" type="stmt"/>
        <line num="68" count="3" type="stmt"/>
        <line num="69" count="3" type="stmt"/>
        <line num="70" count="3" type="cond" truecount="1" falsecount="0"/>
        <line num="71" count="1" type="stmt"/>
        <line num="74" count="2" type="stmt"/>
        <line num="77" count="2" type="stmt"/>
        <line num="85" count="2" type="stmt"/>
        <line num="87" count="1" type="stmt"/>
        <line num="88" count="1" type="stmt"/>
        <line num="93" count="0" type="stmt"/>
        <line num="94" count="0" type="cond" truecount="0" falsecount="1"/>
        <line num="95" count="0" type="stmt"/>
        <line num="97" count="0" type="stmt"/>
        <line num="101" count="2" type="stmt"/>
        <line num="102" count="2" type="stmt"/>
        <line num="106" count="2" type="stmt"/>
        <line num="110" count="81" type="stmt"/>
        <line num="111" count="81" type="stmt"/>
        <line num="112" count="81" type="stmt"/>
        <line num="116" count="81" type="stmt"/>
      </file>
    </package>
    <package name="src.utils">
      <metrics statements="6" coveredstatements="4" conditionals="5" coveredconditionals="2" methods="1" coveredmethods="1"/>
      <file name="logger.ts" path="/Users/rex/Projects/substack-assessment/src/utils/logger.ts">
        <metrics statements="6" coveredstatements="4" conditionals="5" coveredconditionals="2" methods="1" coveredmethods="1"/>
        <line num="1" count="3" type="stmt"/>
        <line num="3" count="3" type="stmt"/>
        <line num="16" count="160" type="stmt"/>
        <line num="25" count="3" type="cond" truecount="0" falsecount="1"/>
        <line num="26" count="0" type="stmt"/>
        <line num="29" count="0" type="stmt"/>
      </file>
    </package>
  </project>
</coverage>
