{"/Users/rex/Projects/substack-assessment/src/app.ts": {"path":"/Users/rex/Projects/substack-assessment/src/app.ts","statementMap":{"0":{"start":{"line":1,"column":0},"end":{"line":1,"column":67}},"1":{"start":{"line":2,"column":0},"end":{"line":2,"column":24}},"2":{"start":{"line":3,"column":0},"end":{"line":3,"column":28}},"3":{"start":{"line":4,"column":0},"end":{"line":4,"column":43}},"4":{"start":{"line":5,"column":0},"end":{"line":5,"column":28}},"5":{"start":{"line":6,"column":0},"end":{"line":6,"column":76}},"6":{"start":{"line":7,"column":0},"end":{"line":7,"column":40}},"7":{"start":{"line":8,"column":0},"end":{"line":8,"column":56}},"8":{"start":{"line":9,"column":0},"end":{"line":9,"column":54}},"9":{"start":{"line":11,"column":12},"end":{"line":11,"column":21}},"10":{"start":{"line":47,"column":9},"end":{"line":47,"column":12}},"11":{"start":{"line":14,"column":0},"end":{"line":14,"column":18}},"12":{"start":{"line":15,"column":0},"end":{"line":15,"column":16}},"13":{"start":{"line":16,"column":0},"end":{"line":16,"column":24}},"14":{"start":{"line":19,"column":0},"end":{"line":19,"column":33}},"15":{"start":{"line":22,"column":16},"end":{"line":29,"column":2}},"16":{"start":{"line":26,"column":18},"end":{"line":26,"column":85}},"17":{"start":{"line":27,"column":4},"end":{"line":27,"column":16}},"18":{"start":{"line":30,"column":0},"end":{"line":30,"column":17}},"19":{"start":{"line":33,"column":0},"end":{"line":37,"column":4}},"20":{"start":{"line":35,"column":32},"end":{"line":35,"column":59}},"21":{"start":{"line":40,"column":0},"end":{"line":40,"column":43}},"22":{"start":{"line":43,"column":0},"end":{"line":45,"column":3}},"23":{"start":{"line":44,"column":2},"end":{"line":44,"column":36}}},"fnMap":{"0":{"name":"(anonymous_1)","decl":{"start":{"line":25,"column":11},"end":{"line":25,"column":12}},"loc":{"start":{"line":25,"column":63},"end":{"line":28,"column":3}}},"1":{"name":"(anonymous_2)","decl":{"start":{"line":35,"column":11},"end":{"line":35,"column":12}},"loc":{"start":{"line":35,"column":32},"end":{"line":35,"column":59}}},"2":{"name":"(anonymous_3)","decl":{"start":{"line":43,"column":8},"end":{"line":43,"column":9}},"loc":{"start":{"line":43,"column":72},"end":{"line":45,"column":1}}}},"branchMap":{"0":{"loc":{"start":{"line":23,"column":12},"end":{"line":23,"column":70}},"type":"binary-expr","locations":[{"start":{"line":23,"column":12},"end":{"line":23,"column":52}},{"start":{"line":23,"column":56},"end":{"line":23,"column":70}}]},"1":{"loc":{"start":{"line":24,"column":7},"end":{"line":24,"column":48}},"type":"binary-expr","locations":[{"start":{"line":24,"column":7},"end":{"line":24,"column":41}},{"start":{"line":24,"column":45},"end":{"line":24,"column":48}}]}},"s":{"0":2,"1":2,"2":2,"3":2,"4":2,"5":2,"6":2,"7":2,"8":2,"9":2,"10":2,"11":2,"12":2,"13":2,"14":2,"15":2,"16":24,"17":24,"18":2,"19":2,"20":100,"21":2,"22":2,"23":28},"f":{"0":24,"1":100,"2":28},"b":{"0":[2,2],"1":[2,2]}}
,"/Users/rex/Projects/substack-assessment/src/config/database.ts": {"path":"/Users/rex/Projects/substack-assessment/src/config/database.ts","statementMap":{"0":{"start":{"line":6,"column":0},"end":{"line":6,"column":7}},"1":{"start":{"line":1,"column":0},"end":{"line":1,"column":32}},"2":{"start":{"line":2,"column":0},"end":{"line":2,"column":41}},"3":{"start":{"line":3,"column":0},"end":{"line":3,"column":50}},"4":{"start":{"line":4,"column":0},"end":{"line":4,"column":53}},"5":{"start":{"line":7,"column":2},"end":{"line":31,"column":3}},"6":{"start":{"line":8,"column":4},"end":{"line":8,"column":32}},"7":{"start":{"line":9,"column":4},"end":{"line":9,"column":50}},"8":{"start":{"line":12,"column":4},"end":{"line":25,"column":7}},"9":{"start":{"line":27,"column":4},"end":{"line":27,"column":57}},"10":{"start":{"line":29,"column":4},"end":{"line":29,"column":54}},"11":{"start":{"line":30,"column":4},"end":{"line":30,"column":16}}},"fnMap":{"0":{"name":"connectDatabase","decl":{"start":{"line":6,"column":22},"end":{"line":6,"column":37}},"loc":{"start":{"line":6,"column":49},"end":{"line":32,"column":1}}}},"branchMap":{},"s":{"0":0,"1":0,"2":0,"3":0,"4":0,"5":0,"6":0,"7":0,"8":0,"9":0,"10":0,"11":0},"f":{"0":0},"b":{}}
,"/Users/rex/Projects/substack-assessment/src/controllers/health.controller.ts": {"path":"/Users/rex/Projects/substack-assessment/src/controllers/health.controller.ts","statementMap":{"0":{"start":{"line":2,"column":0},"end":{"line":2,"column":32}},"1":{"start":{"line":6,"column":24},"end":{"line":13,"column":6}},"2":{"start":{"line":15,"column":4},"end":{"line":15,"column":38}},"3":{"start":{"line":4,"column":0},"end":{"line":4,"column":13}}},"fnMap":{"0":{"name":"(anonymous_1)","decl":{"start":{"line":5,"column":2},"end":{"line":5,"column":7}},"loc":{"start":{"line":5,"column":41},"end":{"line":16,"column":3}}}},"branchMap":{"0":{"loc":{"start":{"line":11,"column":15},"end":{"line":11,"column":82}},"type":"cond-expr","locations":[{"start":{"line":11,"column":54},"end":{"line":11,"column":65}},{"start":{"line":11,"column":68},"end":{"line":11,"column":82}}]}},"s":{"0":2,"1":154,"2":154,"3":2},"f":{"0":154},"b":{"0":[153,1]}}
,"/Users/rex/Projects/substack-assessment/src/controllers/product.controller.ts": {"path":"/Users/rex/Projects/substack-assessment/src/controllers/product.controller.ts","statementMap":{"0":{"start":{"line":2,"column":0},"end":{"line":2,"column":61}},"1":{"start":{"line":3,"column":0},"end":{"line":3,"column":93}},"2":{"start":{"line":4,"column":0},"end":{"line":4,"column":49}},"3":{"start":{"line":6,"column":0},"end":{"line":6,"column":63}},"4":{"start":{"line":20,"column":2},"end":{"line":33,"column":4}},"5":{"start":{"line":21,"column":4},"end":{"line":32,"column":5}},"6":{"start":{"line":22,"column":21},"end":{"line":22,"column":33}},"7":{"start":{"line":23,"column":6},"end":{"line":25,"column":7}},"8":{"start":{"line":24,"column":8},"end":{"line":24,"column":63}},"9":{"start":{"line":27,"column":44},"end":{"line":27,"column":52}},"10":{"start":{"line":28,"column":22},"end":{"line":28,"column":82}},"11":{"start":{"line":29,"column":6},"end":{"line":29,"column":60}},"12":{"start":{"line":31,"column":6},"end":{"line":31,"column":18}},"13":{"start":{"line":35,"column":2},"end":{"line":49,"column":4}},"14":{"start":{"line":36,"column":4},"end":{"line":48,"column":5}},"15":{"start":{"line":37,"column":17},"end":{"line":37,"column":30}},"16":{"start":{"line":38,"column":21},"end":{"line":38,"column":33}},"17":{"start":{"line":39,"column":6},"end":{"line":41,"column":7}},"18":{"start":{"line":40,"column":8},"end":{"line":40,"column":63}},"19":{"start":{"line":43,"column":43},"end":{"line":43,"column":51}},"20":{"start":{"line":44,"column":22},"end":{"line":44,"column":85}},"21":{"start":{"line":45,"column":6},"end":{"line":45,"column":60}},"22":{"start":{"line":47,"column":6},"end":{"line":47,"column":18}},"23":{"start":{"line":51,"column":2},"end":{"line":64,"column":4}},"24":{"start":{"line":52,"column":4},"end":{"line":63,"column":5}},"25":{"start":{"line":53,"column":17},"end":{"line":53,"column":30}},"26":{"start":{"line":54,"column":21},"end":{"line":54,"column":33}},"27":{"start":{"line":55,"column":6},"end":{"line":57,"column":7}},"28":{"start":{"line":56,"column":8},"end":{"line":56,"column":63}},"29":{"start":{"line":59,"column":6},"end":{"line":59,"column":58}},"30":{"start":{"line":60,"column":6},"end":{"line":60,"column":29}},"31":{"start":{"line":62,"column":6},"end":{"line":62,"column":18}},"32":{"start":{"line":66,"column":2},"end":{"line":74,"column":4}},"33":{"start":{"line":67,"column":4},"end":{"line":73,"column":5}},"34":{"start":{"line":68,"column":22},"end":{"line":68,"column":73}},"35":{"start":{"line":69,"column":23},"end":{"line":69,"column":64}},"36":{"start":{"line":70,"column":6},"end":{"line":70,"column":49}},"37":{"start":{"line":72,"column":6},"end":{"line":72,"column":18}},"38":{"start":{"line":76,"column":2},"end":{"line":89,"column":4}},"39":{"start":{"line":77,"column":4},"end":{"line":88,"column":5}},"40":{"start":{"line":78,"column":19},"end":{"line":78,"column":58}},"41":{"start":{"line":79,"column":20},"end":{"line":79,"column":61}},"42":{"start":{"line":81,"column":29},"end":{"line":81,"column":79}},"43":{"start":{"line":82,"column":6},"end":{"line":85,"column":9}},"44":{"start":{"line":83,"column":34},"end":{"line":83,"column":65}},"45":{"start":{"line":87,"column":6},"end":{"line":87,"column":18}},"46":{"start":{"line":12,"column":4},"end":{"line":12,"column":47}},"47":{"start":{"line":16,"column":29},"end":{"line":16,"column":47}},"48":{"start":{"line":17,"column":4},"end":{"line":17,"column":32}},"49":{"start":{"line":8,"column":0},"end":{"line":8,"column":13}}},"fnMap":{"0":{"name":"(anonymous_0)","decl":{"start":{"line":11,"column":2},"end":{"line":11,"column":null}},"loc":{"start":{"line":11,"column":2},"end":{"line":13,"column":3}}},"1":{"name":"(anonymous_1)","decl":{"start":{"line":20,"column":18},"end":{"line":20,"column":23}},"loc":{"start":{"line":20,"column":91},"end":{"line":33,"column":3}}},"2":{"name":"(anonymous_2)","decl":{"start":{"line":35,"column":18},"end":{"line":35,"column":23}},"loc":{"start":{"line":35,"column":91},"end":{"line":49,"column":3}}},"3":{"name":"(anonymous_3)","decl":{"start":{"line":51,"column":18},"end":{"line":51,"column":23}},"loc":{"start":{"line":51,"column":91},"end":{"line":64,"column":3}}},"4":{"name":"(anonymous_4)","decl":{"start":{"line":66,"column":15},"end":{"line":66,"column":20}},"loc":{"start":{"line":66,"column":88},"end":{"line":74,"column":3}}},"5":{"name":"(anonymous_5)","decl":{"start":{"line":76,"column":16},"end":{"line":76,"column":21}},"loc":{"start":{"line":76,"column":89},"end":{"line":89,"column":3}}},"6":{"name":"(anonymous_6)","decl":{"start":{"line":83,"column":23},"end":{"line":83,"column":30}},"loc":{"start":{"line":83,"column":34},"end":{"line":83,"column":65}}},"7":{"name":"(anonymous_7)","decl":{"start":{"line":15,"column":10},"end":{"line":15,"column":27}},"loc":{"start":{"line":15,"column":40},"end":{"line":18,"column":3}}}},"branchMap":{"0":{"loc":{"start":{"line":23,"column":6},"end":{"line":25,"column":7}},"type":"if","locations":[{"start":{"line":23,"column":6},"end":{"line":25,"column":7}}]},"1":{"loc":{"start":{"line":39,"column":6},"end":{"line":41,"column":7}},"type":"if","locations":[{"start":{"line":39,"column":6},"end":{"line":41,"column":7}}]},"2":{"loc":{"start":{"line":55,"column":6},"end":{"line":57,"column":7}},"type":"if","locations":[{"start":{"line":55,"column":6},"end":{"line":57,"column":7}}]},"3":{"loc":{"start":{"line":78,"column":19},"end":{"line":78,"column":58}},"type":"binary-expr","locations":[{"start":{"line":78,"column":19},"end":{"line":78,"column":53}},{"start":{"line":78,"column":57},"end":{"line":78,"column":58}}]},"4":{"loc":{"start":{"line":79,"column":20},"end":{"line":79,"column":61}},"type":"binary-expr","locations":[{"start":{"line":79,"column":20},"end":{"line":79,"column":55}},{"start":{"line":79,"column":59},"end":{"line":79,"column":61}}]}},"s":{"0":2,"1":2,"2":2,"3":2,"4":2,"5":12,"6":12,"7":12,"8":0,"9":12,"10":12,"11":12,"12":0,"13":2,"14":2,"15":2,"16":2,"17":2,"18":0,"19":2,"20":2,"21":2,"22":0,"23":2,"24":1,"25":1,"26":1,"27":1,"28":0,"29":1,"30":1,"31":0,"32":2,"33":0,"34":0,"35":0,"36":0,"37":0,"38":2,"39":81,"40":81,"41":81,"42":81,"43":81,"44":81,"45":0,"46":2,"47":95,"48":95,"49":2},"f":{"0":2,"1":12,"2":2,"3":1,"4":0,"5":81,"6":81,"7":95},"b":{"0":[0],"1":[0],"2":[0],"3":[81,80],"4":[81,80]}}
,"/Users/rex/Projects/substack-assessment/src/dtos/env.dto.ts": {"path":"/Users/rex/Projects/substack-assessment/src/dtos/env.dto.ts","statementMap":{"0":{"start":{"line":1,"column":0},"end":{"line":1,"column":75}},"1":{"start":{"line":2,"column":0},"end":{"line":2,"column":46}},"2":{"start":{"line":4,"column":0},"end":{"line":4,"column":13}},"3":{"start":{"line":7,"column":2},"end":{"line":7,"column":null}},"4":{"start":{"line":11,"column":2},"end":{"line":11,"column":null}},"5":{"start":{"line":18,"column":2},"end":{"line":18,"column":null}},"6":{"start":{"line":14,"column":28},"end":{"line":14,"column":41}},"7":{"start":{"line":24,"column":2},"end":{"line":24,"column":null}},"8":{"start":{"line":21,"column":28},"end":{"line":21,"column":41}},"9":{"start":{"line":30,"column":2},"end":{"line":30,"column":null}},"10":{"start":{"line":27,"column":28},"end":{"line":27,"column":41}},"11":{"start":{"line":36,"column":2},"end":{"line":36,"column":null}},"12":{"start":{"line":33,"column":28},"end":{"line":33,"column":41}}},"fnMap":{"0":{"name":"(anonymous_2)","decl":{"start":{"line":14,"column":13},"end":{"line":14,"column":14}},"loc":{"start":{"line":14,"column":28},"end":{"line":14,"column":41}}},"1":{"name":"(anonymous_3)","decl":{"start":{"line":21,"column":13},"end":{"line":21,"column":14}},"loc":{"start":{"line":21,"column":28},"end":{"line":21,"column":41}}},"2":{"name":"(anonymous_4)","decl":{"start":{"line":27,"column":13},"end":{"line":27,"column":14}},"loc":{"start":{"line":27,"column":28},"end":{"line":27,"column":41}}},"3":{"name":"(anonymous_5)","decl":{"start":{"line":33,"column":13},"end":{"line":33,"column":14}},"loc":{"start":{"line":33,"column":28},"end":{"line":33,"column":41}}}},"branchMap":{},"s":{"0":0,"1":0,"2":0,"3":0,"4":0,"5":0,"6":0,"7":0,"8":0,"9":0,"10":0,"11":0,"12":0},"f":{"0":0,"1":0,"2":0,"3":0},"b":{}}
,"/Users/rex/Projects/substack-assessment/src/dtos/product.dto.ts": {"path":"/Users/rex/Projects/substack-assessment/src/dtos/product.dto.ts","statementMap":{"0":{"start":{"line":1,"column":0},"end":{"line":1,"column":78}},"1":{"start":{"line":2,"column":0},"end":{"line":2,"column":52}},"2":{"start":{"line":5,"column":7},"end":{"line":35,"column":null}},"3":{"start":{"line":5,"column":13},"end":{"line":5,"column":29}},"4":{"start":{"line":10,"column":2},"end":{"line":10,"column":null}},"5":{"start":{"line":16,"column":2},"end":{"line":16,"column":null}},"6":{"start":{"line":22,"column":2},"end":{"line":22,"column":null}},"7":{"start":{"line":28,"column":2},"end":{"line":28,"column":null}},"8":{"start":{"line":34,"column":2},"end":{"line":34,"column":null}},"9":{"start":{"line":5,"column":13},"end":{"line":35,"column":null}},"10":{"start":{"line":38,"column":7},"end":{"line":58,"column":null}},"11":{"start":{"line":38,"column":13},"end":{"line":38,"column":29}},"12":{"start":{"line":42,"column":2},"end":{"line":42,"column":null}},"13":{"start":{"line":47,"column":2},"end":{"line":47,"column":null}},"14":{"start":{"line":52,"column":2},"end":{"line":52,"column":null}},"15":{"start":{"line":57,"column":2},"end":{"line":57,"column":null}},"16":{"start":{"line":38,"column":13},"end":{"line":58,"column":null}},"17":{"start":{"line":61,"column":7},"end":{"line":85,"column":null}},"18":{"start":{"line":61,"column":13},"end":{"line":61,"column":31}},"19":{"start":{"line":63,"column":2},"end":{"line":63,"column":null}},"20":{"start":{"line":66,"column":2},"end":{"line":66,"column":null}},"21":{"start":{"line":69,"column":2},"end":{"line":69,"column":null}},"22":{"start":{"line":72,"column":2},"end":{"line":72,"column":null}},"23":{"start":{"line":75,"column":2},"end":{"line":75,"column":null}},"24":{"start":{"line":78,"column":2},"end":{"line":78,"column":null}},"25":{"start":{"line":81,"column":2},"end":{"line":81,"column":null}},"26":{"start":{"line":84,"column":2},"end":{"line":84,"column":null}},"27":{"start":{"line":61,"column":13},"end":{"line":85,"column":null}}},"fnMap":{},"branchMap":{},"s":{"0":2,"1":2,"2":2,"3":2,"4":2,"5":2,"6":2,"7":2,"8":2,"9":2,"10":2,"11":2,"12":2,"13":2,"14":2,"15":2,"16":2,"17":2,"18":2,"19":2,"20":2,"21":2,"22":2,"23":2,"24":2,"25":2,"26":2,"27":2},"f":{},"b":{}}
,"/Users/rex/Projects/substack-assessment/src/interfaces/role.interface.ts": {"path":"/Users/rex/Projects/substack-assessment/src/interfaces/role.interface.ts","statementMap":{"0":{"start":{"line":1,"column":0},"end":{"line":1,"column":null}},"1":{"start":{"line":2,"column":2},"end":{"line":2,"column":null}},"2":{"start":{"line":3,"column":2},"end":{"line":3,"column":null}},"3":{"start":{"line":4,"column":2},"end":{"line":4,"column":null}},"4":{"start":{"line":12,"column":13},"end":{"line":36,"column":2}}},"fnMap":{"0":{"name":"(anonymous_0)","decl":{"start":{"line":1,"column":0},"end":{"line":1,"column":12}},"loc":{"start":{"line":1,"column":16},"end":{"line":5,"column":1}}}},"branchMap":{"0":{"loc":{"start":{"line":1,"column":12},"end":{"line":1,"column":null}},"type":"binary-expr","locations":[{"start":{"line":1,"column":12},"end":{"line":1,"column":16}},{"start":{"line":1,"column":16},"end":{"line":1,"column":null}}]}},"s":{"0":2,"1":2,"2":2,"3":2,"4":2},"f":{"0":2},"b":{"0":[2,2]}}
,"/Users/rex/Projects/substack-assessment/src/middleware/auth.middleware.ts": {"path":"/Users/rex/Projects/substack-assessment/src/middleware/auth.middleware.ts","statementMap":{"0":{"start":{"line":2,"column":0},"end":{"line":2,"column":31}},"1":{"start":{"line":4,"column":0},"end":{"line":4,"column":51}},"2":{"start":{"line":19,"column":25},"end":{"line":56,"column":1}},"3":{"start":{"line":20,"column":2},"end":{"line":55,"column":4}},"4":{"start":{"line":21,"column":4},"end":{"line":54,"column":5}},"5":{"start":{"line":22,"column":25},"end":{"line":22,"column":50}},"6":{"start":{"line":23,"column":6},"end":{"line":25,"column":7}},"7":{"start":{"line":24,"column":8},"end":{"line":24,"column":73}},"8":{"start":{"line":27,"column":20},"end":{"line":27,"column":44}},"9":{"start":{"line":28,"column":6},"end":{"line":30,"column":7}},"10":{"start":{"line":29,"column":8},"end":{"line":29,"column":69}},"11":{"start":{"line":32,"column":24},"end":{"line":32,"column":46}},"12":{"start":{"line":33,"column":6},"end":{"line":35,"column":7}},"13":{"start":{"line":34,"column":8},"end":{"line":34,"column":56}},"14":{"start":{"line":37,"column":22},"end":{"line":37,"column":63}},"15":{"start":{"line":38,"column":6},"end":{"line":40,"column":7}},"16":{"start":{"line":39,"column":8},"end":{"line":39,"column":62}},"17":{"start":{"line":42,"column":6},"end":{"line":44,"column":7}},"18":{"start":{"line":43,"column":8},"end":{"line":43,"column":65}},"19":{"start":{"line":46,"column":6},"end":{"line":46,"column":25}},"20":{"start":{"line":47,"column":6},"end":{"line":47,"column":13}},"21":{"start":{"line":49,"column":6},"end":{"line":53,"column":7}},"22":{"start":{"line":50,"column":8},"end":{"line":50,"column":69}},"23":{"start":{"line":52,"column":8},"end":{"line":52,"column":20}},"24":{"start":{"line":19,"column":13},"end":{"line":19,"column":25}}},"fnMap":{"0":{"name":"(anonymous_1)","decl":{"start":{"line":19,"column":25},"end":{"line":19,"column":26}},"loc":{"start":{"line":19,"column":50},"end":{"line":56,"column":1}}},"1":{"name":"(anonymous_2)","decl":{"start":{"line":20,"column":9},"end":{"line":20,"column":10}},"loc":{"start":{"line":20,"column":67},"end":{"line":55,"column":3}}}},"branchMap":{"0":{"loc":{"start":{"line":23,"column":6},"end":{"line":25,"column":7}},"type":"if","locations":[{"start":{"line":23,"column":6},"end":{"line":25,"column":7}}]},"1":{"loc":{"start":{"line":23,"column":10},"end":{"line":23,"column":58}},"type":"binary-expr","locations":[{"start":{"line":23,"column":10},"end":{"line":23,"column":21}},{"start":{"line":23,"column":25},"end":{"line":23,"column":58}}]},"2":{"loc":{"start":{"line":28,"column":6},"end":{"line":30,"column":7}},"type":"if","locations":[{"start":{"line":28,"column":6},"end":{"line":30,"column":7}}]},"3":{"loc":{"start":{"line":33,"column":6},"end":{"line":35,"column":7}},"type":"if","locations":[{"start":{"line":33,"column":6},"end":{"line":35,"column":7}}]},"4":{"loc":{"start":{"line":38,"column":6},"end":{"line":40,"column":7}},"type":"if","locations":[{"start":{"line":38,"column":6},"end":{"line":40,"column":7}}]},"5":{"loc":{"start":{"line":38,"column":10},"end":{"line":38,"column":50}},"type":"binary-expr","locations":[{"start":{"line":38,"column":10},"end":{"line":38,"column":18}},{"start":{"line":38,"column":22},"end":{"line":38,"column":33}},{"start":{"line":38,"column":37},"end":{"line":38,"column":50}}]},"6":{"loc":{"start":{"line":42,"column":6},"end":{"line":44,"column":7}},"type":"if","locations":[{"start":{"line":42,"column":6},"end":{"line":44,"column":7}}]},"7":{"loc":{"start":{"line":49,"column":6},"end":{"line":53,"column":7}},"type":"if","locations":[{"start":{"line":49,"column":6},"end":{"line":53,"column":7}},{"start":{"line":51,"column":13},"end":{"line":53,"column":7}}]}},"s":{"0":2,"1":2,"2":2,"3":8,"4":100,"5":100,"6":100,"7":1,"8":99,"9":99,"10":0,"11":99,"12":99,"13":0,"14":99,"15":98,"16":0,"17":98,"18":2,"19":96,"20":96,"21":4,"22":1,"23":3,"24":2},"f":{"0":8,"1":100},"b":{"0":[1],"1":[100,99],"2":[0],"3":[0],"4":[0],"5":[98,98,98],"6":[2],"7":[1,3]}}
,"/Users/rex/Projects/substack-assessment/src/middleware/error.middleware.ts": {"path":"/Users/rex/Projects/substack-assessment/src/middleware/error.middleware.ts","statementMap":{"0":{"start":{"line":2,"column":0},"end":{"line":2,"column":50}},"1":{"start":{"line":3,"column":0},"end":{"line":3,"column":41}},"2":{"start":{"line":7,"column":4},"end":{"line":7,"column":19}},"3":{"start":{"line":6,"column":21},"end":{"line":6,"column":35}},"4":{"start":{"line":6,"column":44},"end":{"line":6,"column":59}},"5":{"start":{"line":8,"column":4},"end":{"line":8,"column":25}},"6":{"start":{"line":5,"column":0},"end":{"line":5,"column":13}},"7":{"start":{"line":12,"column":49},"end":{"line":43,"column":1}},"8":{"start":{"line":18,"column":17},"end":{"line":18,"column":68}},"9":{"start":{"line":19,"column":18},"end":{"line":19,"column":57}},"10":{"start":{"line":21,"column":2},"end":{"line":25,"column":3}},"11":{"start":{"line":22,"column":4},"end":{"line":22,"column":52}},"12":{"start":{"line":24,"column":4},"end":{"line":24,"column":50}},"13":{"start":{"line":27,"column":2},"end":{"line":37,"column":3}},"14":{"start":{"line":28,"column":4},"end":{"line":35,"column":7}},"15":{"start":{"line":31,"column":30},"end":{"line":34,"column":8}},"16":{"start":{"line":36,"column":4},"end":{"line":36,"column":11}},"17":{"start":{"line":39,"column":2},"end":{"line":42,"column":5}},"18":{"start":{"line":12,"column":13},"end":{"line":12,"column":49}}},"fnMap":{"0":{"name":"(anonymous_0)","decl":{"start":{"line":6,"column":2},"end":{"line":6,"column":21}},"loc":{"start":{"line":6,"column":59},"end":{"line":9,"column":3}}},"1":{"name":"(anonymous_1)","decl":{"start":{"line":12,"column":49},"end":{"line":12,"column":null}},"loc":{"start":{"line":17,"column":10},"end":{"line":43,"column":1}}},"2":{"name":"(anonymous_2)","decl":{"start":{"line":31,"column":24},"end":{"line":31,"column":25}},"loc":{"start":{"line":31,"column":30},"end":{"line":34,"column":8}}}},"branchMap":{"0":{"loc":{"start":{"line":18,"column":17},"end":{"line":18,"column":68}},"type":"cond-expr","locations":[{"start":{"line":18,"column":50},"end":{"line":18,"column":62}},{"start":{"line":18,"column":65},"end":{"line":18,"column":68}}]},"1":{"loc":{"start":{"line":19,"column":18},"end":{"line":19,"column":57}},"type":"binary-expr","locations":[{"start":{"line":19,"column":18},"end":{"line":19,"column":31}},{"start":{"line":19,"column":35},"end":{"line":19,"column":57}}]},"2":{"loc":{"start":{"line":21,"column":2},"end":{"line":25,"column":3}},"type":"if","locations":[{"start":{"line":21,"column":2},"end":{"line":25,"column":3}},{"start":{"line":23,"column":9},"end":{"line":25,"column":3}}]},"3":{"loc":{"start":{"line":27,"column":2},"end":{"line":37,"column":3}},"type":"if","locations":[{"start":{"line":27,"column":2},"end":{"line":37,"column":3}}]},"4":{"loc":{"start":{"line":27,"column":6},"end":{"line":27,"column":65}},"type":"binary-expr","locations":[{"start":{"line":27,"column":6},"end":{"line":27,"column":26}},{"start":{"line":27,"column":30},"end":{"line":27,"column":65}}]}},"s":{"0":3,"1":3,"2":31,"3":31,"4":31,"5":31,"6":3,"7":3,"8":28,"9":28,"10":28,"11":28,"12":0,"13":28,"14":0,"15":0,"16":0,"17":28,"18":3},"f":{"0":31,"1":28,"2":0},"b":{"0":[28,0],"1":[28,0],"2":[28,0],"3":[0],"4":[28,0]}}
,"/Users/rex/Projects/substack-assessment/src/models/audit-log.model.ts": {"path":"/Users/rex/Projects/substack-assessment/src/models/audit-log.model.ts","statementMap":{"0":{"start":{"line":1,"column":0},"end":{"line":1,"column":54}},"1":{"start":{"line":12,"column":23},"end":{"line":42,"column":2}},"2":{"start":{"line":45,"column":0},"end":{"line":45,"column":53}},"3":{"start":{"line":47,"column":13},"end":{"line":47,"column":78}}},"fnMap":{},"branchMap":{},"s":{"0":3,"1":3,"2":3,"3":3},"f":{},"b":{}}
,"/Users/rex/Projects/substack-assessment/src/models/product.model.ts": {"path":"/Users/rex/Projects/substack-assessment/src/models/product.model.ts","statementMap":{"0":{"start":{"line":1,"column":0},"end":{"line":1,"column":54}},"1":{"start":{"line":13,"column":22},"end":{"line":42,"column":2}},"2":{"start":{"line":45,"column":0},"end":{"line":45,"column":43}},"3":{"start":{"line":47,"column":13},"end":{"line":47,"column":74}}},"fnMap":{},"branchMap":{},"s":{"0":3,"1":3,"2":3,"3":3},"f":{},"b":{}}
,"/Users/rex/Projects/substack-assessment/src/routes/health.routes.ts": {"path":"/Users/rex/Projects/substack-assessment/src/routes/health.routes.ts","statementMap":{"0":{"start":{"line":1,"column":0},"end":{"line":1,"column":33}},"1":{"start":{"line":2,"column":0},"end":{"line":2,"column":68}},"2":{"start":{"line":4,"column":15},"end":{"line":4,"column":23}},"3":{"start":{"line":9,"column":19},"end":{"line":9,"column":31}},"4":{"start":{"line":5,"column":25},"end":{"line":5,"column":47}},"5":{"start":{"line":7,"column":0},"end":{"line":7,"column":40}}},"fnMap":{},"branchMap":{},"s":{"0":2,"1":2,"2":2,"3":2,"4":2,"5":2},"f":{},"b":{}}
,"/Users/rex/Projects/substack-assessment/src/routes/product.routes.ts": {"path":"/Users/rex/Projects/substack-assessment/src/routes/product.routes.ts","statementMap":{"0":{"start":{"line":1,"column":0},"end":{"line":1,"column":33}},"1":{"start":{"line":2,"column":0},"end":{"line":2,"column":70}},"2":{"start":{"line":3,"column":0},"end":{"line":3,"column":58}},"3":{"start":{"line":4,"column":0},"end":{"line":4,"column":52}},"4":{"start":{"line":6,"column":15},"end":{"line":6,"column":23}},"5":{"start":{"line":16,"column":19},"end":{"line":16,"column":32}},"6":{"start":{"line":7,"column":26},"end":{"line":7,"column":49}},"7":{"start":{"line":11,"column":0},"end":{"line":11,"column":75}},"8":{"start":{"line":12,"column":0},"end":{"line":12,"column":84}},"9":{"start":{"line":13,"column":0},"end":{"line":13,"column":89}},"10":{"start":{"line":14,"column":0},"end":{"line":14,"column":80}}},"fnMap":{},"branchMap":{},"s":{"0":2,"1":2,"2":2,"3":2,"4":2,"5":2,"6":2,"7":2,"8":2,"9":2,"10":2},"f":{},"b":{}}
,"/Users/rex/Projects/substack-assessment/src/services/product.service.ts": {"path":"/Users/rex/Projects/substack-assessment/src/services/product.service.ts","statementMap":{"0":{"start":{"line":1,"column":0},"end":{"line":1,"column":60}},"1":{"start":{"line":2,"column":0},"end":{"line":2,"column":53}},"2":{"start":{"line":4,"column":0},"end":{"line":4,"column":63}},"3":{"start":{"line":6,"column":0},"end":{"line":6,"column":41}},"4":{"start":{"line":10,"column":4},"end":{"line":33,"column":5}},"5":{"start":{"line":11,"column":30},"end":{"line":11,"column":82}},"6":{"start":{"line":12,"column":6},"end":{"line":14,"column":7}},"7":{"start":{"line":13,"column":8},"end":{"line":13,"column":77}},"8":{"start":{"line":16,"column":22},"end":{"line":16,"column":51}},"9":{"start":{"line":17,"column":27},"end":{"line":17,"column":47}},"10":{"start":{"line":20,"column":6},"end":{"line":26,"column":9}},"11":{"start":{"line":28,"column":6},"end":{"line":28,"column":78}},"12":{"start":{"line":29,"column":6},"end":{"line":29,"column":26}},"13":{"start":{"line":31,"column":6},"end":{"line":31,"column":53}},"14":{"start":{"line":32,"column":6},"end":{"line":32,"column":18}},"15":{"start":{"line":37,"column":4},"end":{"line":64,"column":5}},"16":{"start":{"line":38,"column":22},"end":{"line":38,"column":48}},"17":{"start":{"line":39,"column":6},"end":{"line":41,"column":7}},"18":{"start":{"line":40,"column":8},"end":{"line":40,"column":58}},"19":{"start":{"line":43,"column":24},"end":{"line":43,"column":42}},"20":{"start":{"line":44,"column":6},"end":{"line":44,"column":47}},"21":{"start":{"line":45,"column":29},"end":{"line":45,"column":49}},"22":{"start":{"line":48,"column":6},"end":{"line":57,"column":9}},"23":{"start":{"line":59,"column":6},"end":{"line":59,"column":64}},"24":{"start":{"line":60,"column":6},"end":{"line":60,"column":28}},"25":{"start":{"line":62,"column":6},"end":{"line":62,"column":53}},"26":{"start":{"line":63,"column":6},"end":{"line":63,"column":18}},"27":{"start":{"line":68,"column":4},"end":{"line":89,"column":5}},"28":{"start":{"line":69,"column":22},"end":{"line":69,"column":48}},"29":{"start":{"line":70,"column":6},"end":{"line":72,"column":7}},"30":{"start":{"line":71,"column":8},"end":{"line":71,"column":58}},"31":{"start":{"line":74,"column":6},"end":{"line":74,"column":32}},"32":{"start":{"line":77,"column":6},"end":{"line":83,"column":9}},"33":{"start":{"line":85,"column":6},"end":{"line":85,"column":64}},"34":{"start":{"line":87,"column":6},"end":{"line":87,"column":53}},"35":{"start":{"line":88,"column":6},"end":{"line":88,"column":18}},"36":{"start":{"line":93,"column":20},"end":{"line":93,"column":46}},"37":{"start":{"line":94,"column":4},"end":{"line":96,"column":5}},"38":{"start":{"line":95,"column":6},"end":{"line":95,"column":56}},"39":{"start":{"line":97,"column":4},"end":{"line":97,"column":19}},"40":{"start":{"line":101,"column":17},"end":{"line":101,"column":35}},"41":{"start":{"line":102,"column":30},"end":{"line":105,"column":6}},"42":{"start":{"line":106,"column":4},"end":{"line":106,"column":31}},"43":{"start":{"line":110,"column":17},"end":{"line":110,"column":35}},"44":{"start":{"line":111,"column":18},"end":{"line":111,"column":48}},"45":{"start":{"line":112,"column":21},"end":{"line":114,"column":19}},"46":{"start":{"line":116,"column":4},"end":{"line":123,"column":6}},"47":{"start":{"line":8,"column":0},"end":{"line":8,"column":13}}},"fnMap":{"0":{"name":"(anonymous_0)","decl":{"start":{"line":9,"column":2},"end":{"line":9,"column":7}},"loc":{"start":{"line":9,"column":72},"end":{"line":34,"column":3}}},"1":{"name":"(anonymous_1)","decl":{"start":{"line":36,"column":2},"end":{"line":36,"column":7}},"loc":{"start":{"line":36,"column":84},"end":{"line":65,"column":3}}},"2":{"name":"(anonymous_2)","decl":{"start":{"line":67,"column":2},"end":{"line":67,"column":7}},"loc":{"start":{"line":67,"column":48},"end":{"line":90,"column":3}}},"3":{"name":"(anonymous_3)","decl":{"start":{"line":92,"column":2},"end":{"line":92,"column":7}},"loc":{"start":{"line":92,"column":29},"end":{"line":98,"column":3}}},"4":{"name":"(anonymous_4)","decl":{"start":{"line":100,"column":2},"end":{"line":100,"column":7}},"loc":{"start":{"line":100,"column":59},"end":{"line":107,"column":3}}},"5":{"name":"(anonymous_5)","decl":{"start":{"line":109,"column":2},"end":{"line":109,"column":7}},"loc":{"start":{"line":109,"column":56},"end":{"line":124,"column":3}}}},"branchMap":{"0":{"loc":{"start":{"line":12,"column":6},"end":{"line":14,"column":7}},"type":"if","locations":[{"start":{"line":12,"column":6},"end":{"line":14,"column":7}}]},"1":{"loc":{"start":{"line":39,"column":6},"end":{"line":41,"column":7}},"type":"if","locations":[{"start":{"line":39,"column":6},"end":{"line":41,"column":7}}]},"2":{"loc":{"start":{"line":70,"column":6},"end":{"line":72,"column":7}},"type":"if","locations":[{"start":{"line":70,"column":6},"end":{"line":72,"column":7}}]},"3":{"loc":{"start":{"line":94,"column":4},"end":{"line":96,"column":5}},"type":"if","locations":[{"start":{"line":94,"column":4},"end":{"line":96,"column":5}}]},"4":{"loc":{"start":{"line":100,"column":23},"end":{"line":100,"column":39}},"type":"default-arg","locations":[{"start":{"line":100,"column":38},"end":{"line":100,"column":39}}]},"5":{"loc":{"start":{"line":100,"column":41},"end":{"line":100,"column":59}},"type":"default-arg","locations":[{"start":{"line":100,"column":57},"end":{"line":100,"column":59}}]},"6":{"loc":{"start":{"line":109,"column":20},"end":{"line":109,"column":36}},"type":"default-arg","locations":[{"start":{"line":109,"column":35},"end":{"line":109,"column":36}}]},"7":{"loc":{"start":{"line":109,"column":38},"end":{"line":109,"column":56}},"type":"default-arg","locations":[{"start":{"line":109,"column":54},"end":{"line":109,"column":56}}]}},"s":{"0":3,"1":3,"2":3,"3":3,"4":25,"5":25,"6":25,"7":1,"8":24,"9":24,"10":24,"11":24,"12":24,"13":1,"14":1,"15":4,"16":4,"17":4,"18":1,"19":3,"20":3,"21":3,"22":3,"23":3,"24":3,"25":1,"26":1,"27":3,"28":3,"29":3,"30":1,"31":2,"32":2,"33":2,"34":1,"35":1,"36":0,"37":0,"38":0,"39":0,"40":2,"41":2,"42":2,"43":81,"44":81,"45":81,"46":81,"47":3},"f":{"0":25,"1":4,"2":3,"3":0,"4":2,"5":81},"b":{"0":[1],"1":[1],"2":[1],"3":[0],"4":[1],"5":[1],"6":[0],"7":[0]}}
,"/Users/rex/Projects/substack-assessment/src/utils/logger.ts": {"path":"/Users/rex/Projects/substack-assessment/src/utils/logger.ts","statementMap":{"0":{"start":{"line":1,"column":0},"end":{"line":1,"column":30}},"1":{"start":{"line":3,"column":13},"end":{"line":23,"column":3}},"2":{"start":{"line":16,"column":10},"end":{"line":18,"column":13}},"3":{"start":{"line":25,"column":0},"end":{"line":30,"column":1}},"4":{"start":{"line":26,"column":2},"end":{"line":28,"column":4}},"5":{"start":{"line":29,"column":2},"end":{"line":29,"column":72}}},"fnMap":{"0":{"name":"(anonymous_1)","decl":{"start":{"line":15,"column":30},"end":{"line":15,"column":31}},"loc":{"start":{"line":15,"column":73},"end":{"line":19,"column":9}}}},"branchMap":{"0":{"loc":{"start":{"line":4,"column":9},"end":{"line":4,"column":65}},"type":"cond-expr","locations":[{"start":{"line":4,"column":49},"end":{"line":4,"column":55}},{"start":{"line":4,"column":58},"end":{"line":4,"column":65}}]},"1":{"loc":{"start":{"line":17,"column":12},"end":{"line":17,"column":null}},"type":"cond-expr","locations":[{"start":{"line":17,"column":39},"end":{"line":17,"column":68}},{"start":{"line":17,"column":71},"end":{"line":17,"column":null}}]},"2":{"loc":{"start":{"line":25,"column":0},"end":{"line":30,"column":1}},"type":"if","locations":[{"start":{"line":25,"column":0},"end":{"line":30,"column":1}}]}},"s":{"0":3,"1":3,"2":160,"3":3,"4":0,"5":0},"f":{"0":160},"b":{"0":[0,3],"1":[160,0],"2":[0]}}
}
