TN:
SF:src/app.ts
FN:25,(anonymous_1)
FN:35,(anonymous_2)
FN:43,(anonymous_3)
FNF:3
FNH:3
FNDA:24,(anonymous_1)
FNDA:100,(anonymous_2)
FNDA:28,(anonymous_3)
DA:1,2
DA:2,2
DA:3,2
DA:4,2
DA:5,2
DA:6,2
DA:7,2
DA:8,2
DA:9,2
DA:11,2
DA:14,2
DA:15,2
DA:16,2
DA:19,2
DA:22,2
DA:26,24
DA:27,24
DA:30,2
DA:33,2
DA:35,100
DA:40,2
DA:43,2
DA:44,28
DA:47,2
LF:24
LH:24
BRDA:23,0,0,2
BRDA:23,0,1,2
BRDA:24,1,0,2
BRDA:24,1,1,2
BRF:4
BRH:4
end_of_record
TN:
SF:src/config/database.ts
FN:6,connectDatabase
FNF:1
FNH:0
FNDA:0,connectDatabase
DA:1,0
DA:2,0
DA:3,0
DA:4,0
DA:6,0
DA:7,0
DA:8,0
DA:9,0
DA:12,0
DA:27,0
DA:29,0
DA:30,0
LF:12
LH:0
BRF:0
BRH:0
end_of_record
TN:
SF:src/controllers/health.controller.ts
FN:5,(anonymous_1)
FNF:1
FNH:1
FNDA:154,(anonymous_1)
DA:2,2
DA:4,2
DA:6,154
DA:15,154
LF:4
LH:4
BRDA:11,0,0,153
BRDA:11,0,1,1
BRF:2
BRH:2
end_of_record
TN:
SF:src/controllers/product.controller.ts
FN:11,(anonymous_0)
FN:20,(anonymous_1)
FN:35,(anonymous_2)
FN:51,(anonymous_3)
FN:66,(anonymous_4)
FN:76,(anonymous_5)
FN:83,(anonymous_6)
FN:15,(anonymous_7)
FNF:8
FNH:7
FNDA:2,(anonymous_0)
FNDA:12,(anonymous_1)
FNDA:2,(anonymous_2)
FNDA:1,(anonymous_3)
FNDA:0,(anonymous_4)
FNDA:81,(anonymous_5)
FNDA:81,(anonymous_6)
FNDA:95,(anonymous_7)
DA:2,2
DA:3,2
DA:4,2
DA:6,2
DA:8,2
DA:12,2
DA:16,95
DA:17,95
DA:20,2
DA:21,12
DA:22,12
DA:23,12
DA:24,0
DA:27,12
DA:28,12
DA:29,12
DA:31,0
DA:35,2
DA:36,2
DA:37,2
DA:38,2
DA:39,2
DA:40,0
DA:43,2
DA:44,2
DA:45,2
DA:47,0
DA:51,2
DA:52,1
DA:53,1
DA:54,1
DA:55,1
DA:56,0
DA:59,1
DA:60,1
DA:62,0
DA:66,2
DA:67,0
DA:68,0
DA:69,0
DA:70,0
DA:72,0
DA:76,2
DA:77,81
DA:78,81
DA:79,81
DA:81,81
DA:82,81
DA:83,81
DA:87,0
LF:50
LH:38
BRDA:23,0,0,0
BRDA:39,1,0,0
BRDA:55,2,0,0
BRDA:78,3,0,81
BRDA:78,3,1,80
BRDA:79,4,0,81
BRDA:79,4,1,80
BRF:7
BRH:4
end_of_record
TN:
SF:src/dtos/env.dto.ts
FN:14,(anonymous_2)
FN:21,(anonymous_3)
FN:27,(anonymous_4)
FN:33,(anonymous_5)
FNF:4
FNH:0
FNDA:0,(anonymous_2)
FNDA:0,(anonymous_3)
FNDA:0,(anonymous_4)
FNDA:0,(anonymous_5)
DA:1,0
DA:2,0
DA:4,0
DA:7,0
DA:11,0
DA:14,0
DA:18,0
DA:21,0
DA:24,0
DA:27,0
DA:30,0
DA:33,0
DA:36,0
LF:13
LH:0
BRF:0
BRH:0
end_of_record
TN:
SF:src/dtos/product.dto.ts
FNF:0
FNH:0
DA:1,2
DA:2,2
DA:5,2
DA:10,2
DA:16,2
DA:22,2
DA:28,2
DA:34,2
DA:38,2
DA:42,2
DA:47,2
DA:52,2
DA:57,2
DA:61,2
DA:63,2
DA:66,2
DA:69,2
DA:72,2
DA:75,2
DA:78,2
DA:81,2
DA:84,2
LF:22
LH:22
BRF:0
BRH:0
end_of_record
TN:
SF:src/interfaces/role.interface.ts
FN:1,(anonymous_0)
FNF:1
FNH:1
FNDA:2,(anonymous_0)
DA:1,2
DA:2,2
DA:3,2
DA:4,2
DA:12,2
LF:5
LH:5
BRDA:1,0,0,2
BRDA:1,0,1,2
BRF:2
BRH:2
end_of_record
TN:
SF:src/middleware/auth.middleware.ts
FN:19,(anonymous_1)
FN:20,(anonymous_2)
FNF:2
FNH:2
FNDA:8,(anonymous_1)
FNDA:100,(anonymous_2)
DA:2,2
DA:4,2
DA:19,2
DA:20,8
DA:21,100
DA:22,100
DA:23,100
DA:24,1
DA:27,99
DA:28,99
DA:29,0
DA:32,99
DA:33,99
DA:34,0
DA:37,99
DA:38,98
DA:39,0
DA:42,98
DA:43,2
DA:46,96
DA:47,96
DA:49,4
DA:50,1
DA:52,3
LF:24
LH:21
BRDA:23,0,0,1
BRDA:23,1,0,100
BRDA:23,1,1,99
BRDA:28,2,0,0
BRDA:33,3,0,0
BRDA:38,4,0,0
BRDA:38,5,0,98
BRDA:38,5,1,98
BRDA:38,5,2,98
BRDA:42,6,0,2
BRDA:49,7,0,1
BRDA:49,7,1,3
BRF:12
BRH:9
end_of_record
TN:
SF:src/middleware/error.middleware.ts
FN:6,(anonymous_0)
FN:12,(anonymous_1)
FN:31,(anonymous_2)
FNF:3
FNH:2
FNDA:31,(anonymous_0)
FNDA:28,(anonymous_1)
FNDA:0,(anonymous_2)
DA:2,3
DA:3,3
DA:5,3
DA:6,31
DA:7,31
DA:8,31
DA:12,3
DA:18,28
DA:19,28
DA:21,28
DA:22,28
DA:24,0
DA:27,28
DA:28,0
DA:31,0
DA:36,0
DA:39,28
LF:17
LH:13
BRDA:18,0,0,28
BRDA:18,0,1,0
BRDA:19,1,0,28
BRDA:19,1,1,0
BRDA:21,2,0,28
BRDA:21,2,1,0
BRDA:27,3,0,0
BRDA:27,4,0,28
BRDA:27,4,1,0
BRF:9
BRH:4
end_of_record
TN:
SF:src/models/audit-log.model.ts
FNF:0
FNH:0
DA:1,3
DA:12,3
DA:45,3
DA:47,3
LF:4
LH:4
BRF:0
BRH:0
end_of_record
TN:
SF:src/models/product.model.ts
FNF:0
FNH:0
DA:1,3
DA:13,3
DA:45,3
DA:47,3
LF:4
LH:4
BRF:0
BRH:0
end_of_record
TN:
SF:src/routes/health.routes.ts
FNF:0
FNH:0
DA:1,2
DA:2,2
DA:4,2
DA:5,2
DA:7,2
DA:9,2
LF:6
LH:6
BRF:0
BRH:0
end_of_record
TN:
SF:src/routes/product.routes.ts
FNF:0
FNH:0
DA:1,2
DA:2,2
DA:3,2
DA:4,2
DA:6,2
DA:7,2
DA:11,2
DA:12,2
DA:13,2
DA:14,2
DA:16,2
LF:11
LH:11
BRF:0
BRH:0
end_of_record
TN:
SF:src/services/product.service.ts
FN:9,(anonymous_0)
FN:36,(anonymous_1)
FN:67,(anonymous_2)
FN:92,(anonymous_3)
FN:100,(anonymous_4)
FN:109,(anonymous_5)
FNF:6
FNH:5
FNDA:25,(anonymous_0)
FNDA:4,(anonymous_1)
FNDA:3,(anonymous_2)
FNDA:0,(anonymous_3)
FNDA:2,(anonymous_4)
FNDA:81,(anonymous_5)
DA:1,3
DA:2,3
DA:4,3
DA:6,3
DA:8,3
DA:10,25
DA:11,25
DA:12,25
DA:13,1
DA:16,24
DA:17,24
DA:20,24
DA:28,24
DA:29,24
DA:31,1
DA:32,1
DA:37,4
DA:38,4
DA:39,4
DA:40,1
DA:43,3
DA:44,3
DA:45,3
DA:48,3
DA:59,3
DA:60,3
DA:62,1
DA:63,1
DA:68,3
DA:69,3
DA:70,3
DA:71,1
DA:74,2
DA:77,2
DA:85,2
DA:87,1
DA:88,1
DA:93,0
DA:94,0
DA:95,0
DA:97,0
DA:101,2
DA:102,2
DA:106,2
DA:110,81
DA:111,81
DA:112,81
DA:116,81
LF:48
LH:44
BRDA:12,0,0,1
BRDA:39,1,0,1
BRDA:70,2,0,1
BRDA:94,3,0,0
BRDA:100,4,0,1
BRDA:100,5,0,1
BRDA:109,6,0,0
BRDA:109,7,0,0
BRF:8
BRH:5
end_of_record
TN:
SF:src/utils/logger.ts
FN:15,(anonymous_1)
FNF:1
FNH:1
FNDA:160,(anonymous_1)
DA:1,3
DA:3,3
DA:16,160
DA:25,3
DA:26,0
DA:29,0
LF:6
LH:4
BRDA:4,0,0,0
BRDA:4,0,1,3
BRDA:17,1,0,160
BRDA:17,1,1,0
BRDA:25,2,0,0
BRF:5
BRH:2
end_of_record
